[14Apr2025 00:01:47.093] [Server thread/INFO] [net.minecraft.server.network.ServerGamePacketListenerImpl/]: Pipexdd7 lost connection: Disconnected
[14Apr2025 00:01:47.096] [Server thread/INFO] [net.minecraft.server.MinecraftServer/]: Pipexdd7 left the game
[14Apr2025 00:02:26.141] [Server thread/INFO] [net.minecraft.server.network.ServerLoginPacketListenerImpl/]: com.mojang.authlib.GameProfile@191f66ee[id=<null>,name=Pipexdd7,properties={},legacy=false] (/127.142.116.191:40323) lost connection: Disconnected
[14Apr2025 00:02:46.690] [Server thread/INFO] [net.minecraft.server.network.ServerLoginPacketListenerImpl/]: com.mojang.authlib.GameProfile@448d5c5e[id=<null>,name=Pipexdd7,properties={},legacy=false] (/127.142.116.191:44165) lost connection: Disconnected
[14Apr2025 00:03:21.745] [Server thread/INFO] [net.minecraft.server.network.ServerLoginPacketListenerImpl/]: com.mojang.authlib.GameProfile@8b0167b[id=<null>,name=Pipexdd7,properties={},legacy=false] (/127.142.116.191:34435) lost connection: Disconnected
[14Apr2025 00:03:29.739] [Server thread/INFO] [net.minecraft.server.network.ServerGamePacketListenerImpl/]: Juan19807 lost connection: Disconnected
[14Apr2025 00:03:29.740] [Server thread/INFO] [net.minecraft.server.MinecraftServer/]: Juan19807 left the game
[14Apr2025 00:03:59.694] [Server thread/INFO] [net.minecraft.server.players.PlayerList/]: Pipexdd7[/127.142.116.191:33527] logged in with entity id 76714 at (797.604434482605, 64.0, 232.50331683845897)
[14Apr2025 00:03:59.708] [Server thread/INFO] [net.minecraft.server.MinecraftServer/]: Pipexdd7 joined the game
[14Apr2025 00:04:10.299] [Server thread/INFO] [net.minecraft.server.players.PlayerList/]: Juan19807[/127.0.110.255:48269] logged in with entity id 77024 at (803.056150522797, 63.0, 300.511069022674)
[14Apr2025 00:04:10.320] [Server thread/INFO] [net.minecraft.server.MinecraftServer/]: Juan19807 joined the game
[14Apr2025 00:05:33.548] [Server thread/INFO] [net.minecraft.server.MinecraftServer/]: Juan19807 has made the advancement [Full House]
[14Apr2025 00:07:07.075] [Server thread/INFO] [net.minecraft.server.MinecraftServer/]: Pipexdd7 has made the advancement [Tactical Fishing]
[14Apr2025 00:16:19.281] [Server thread/INFO] [net.minecraft.server.MinecraftServer/]: Pipexdd7 has made the advancement [The Cutest Predator]
[14Apr2025 00:16:45.712] [Server thread/WARN] [net.minecraft.server.level.ServerPlayerGameMode/]: Mismatch in destroy block pos: BlockPos{x=1552, y=64, z=339} BlockPos{x=1552, y=63, z=339}
[14Apr2025 00:18:32.890] [Server thread/INFO] [net.minecraft.server.MinecraftServer/]: Juan19807 has made the advancement [Take Aim]
[14Apr2025 00:29:06.989] [Server thread/INFO] [net.minecraft.server.network.ServerGamePacketListenerImpl/]: Juan19807 lost connection: Disconnected
[14Apr2025 00:29:06.989] [Server thread/INFO] [net.minecraft.server.MinecraftServer/]: Juan19807 left the game
[14Apr2025 00:29:26.047] [Server thread/INFO] [net.minecraft.server.players.PlayerList/]: Juan19807[/127.0.110.255:52101] logged in with entity id 85147 at (1864.6574553819885, 65.0, 163.77080069579216)
[14Apr2025 00:29:26.061] [Server thread/INFO] [net.minecraft.server.MinecraftServer/]: Juan19807 joined the game
[14Apr2025 00:31:31.610] [Worker-Main-3/WARN] [net.minecraft.world.level.levelgen.structure.pools.JigsawPlacement/]: Empty or non-existent pool: minecraft:ruins/forest_ruins_gate
[14Apr2025 00:31:31.636] [Worker-Main-3/WARN] [net.minecraft.world.level.levelgen.structure.pools.JigsawPlacement/]: Empty or non-existent pool: minecraft:ruins/forest_ruins_gate
[14Apr2025 00:31:31.645] [Worker-Main-3/WARN] [net.minecraft.world.level.levelgen.structure.pools.JigsawPlacement/]: Empty or non-existent pool: minecraft:ruins/forest_ruins_gate
[14Apr2025 00:37:00.017] [Worker-Main-3/WARN] [net.minecraft.world.level.levelgen.structure.pools.JigsawPlacement/]: Empty or non-existent pool: minecraft:ruins/forest_ruins_gate
[14Apr2025 00:37:00.026] [Worker-Main-3/WARN] [net.minecraft.world.level.levelgen.structure.pools.JigsawPlacement/]: Empty or non-existent pool: minecraft:ruins/forest_ruins_gate
[14Apr2025 00:37:00.036] [Worker-Main-3/WARN] [net.minecraft.world.level.levelgen.structure.pools.JigsawPlacement/]: Empty or non-existent pool: minecraft:ruins/forest_ruins_gate
[14Apr2025 00:37:36.716] [Worker-Main-2/WARN] [net.minecraft.world.level.levelgen.structure.pools.JigsawPlacement/]: Empty or non-existent pool: minecraft:ruins/forest_ruins_gate
[14Apr2025 00:37:36.754] [Worker-Main-2/WARN] [net.minecraft.world.level.levelgen.structure.pools.JigsawPlacement/]: Empty or non-existent pool: minecraft:ruins/forest_ruins_gate
[14Apr2025 00:37:36.790] [Worker-Main-2/WARN] [net.minecraft.world.level.levelgen.structure.pools.JigsawPlacement/]: Empty or non-existent pool: minecraft:ruins/forest_ruins_gate
[14Apr2025 00:43:22.995] [Worker-Main-1/WARN] [net.minecraft.world.level.levelgen.structure.pools.JigsawPlacement/]: Empty or non-existent pool: minecraft:ruins/forest_ruins_gate
[14Apr2025 00:43:23.036] [Worker-Main-1/WARN] [net.minecraft.world.level.levelgen.structure.pools.JigsawPlacement/]: Empty or non-existent pool: minecraft:ruins/forest_ruins_gate
[14Apr2025 00:43:23.037] [Worker-Main-1/WARN] [net.minecraft.world.level.levelgen.structure.pools.JigsawPlacement/]: Empty or non-existent pool: minecraft:ruins/forest_ruins_gate
[14Apr2025 00:46:10.635] [Server thread/WARN] [net.minecraft.server.network.ServerGamePacketListenerImpl/]: Corviknight (vehicle of Juan19807) moved too quickly! -10.003856715046823,0.0,2.7897485328630864
[14Apr2025 00:46:10.636] [Server thread/WARN] [net.minecraft.server.network.ServerGamePacketListenerImpl/]: Corviknight (vehicle of Juan19807) moved too quickly! -10.624103165869201,0.0,2.9291151597108183
[14Apr2025 00:46:10.637] [Server thread/WARN] [net.minecraft.server.network.ServerGamePacketListenerImpl/]: Corviknight (vehicle of Juan19807) moved too quickly! -11.245440633638736,0.0,3.0636025062351564
[14Apr2025 00:46:10.637] [Server thread/WARN] [net.minecraft.server.network.ServerGamePacketListenerImpl/]: Corviknight (vehicle of Juan19807) moved too quickly! -11.867716375983036,0.0,3.193893671681508
[14Apr2025 00:46:10.638] [Server thread/WARN] [net.minecraft.server.network.ServerGamePacketListenerImpl/]: Corviknight (vehicle of Juan19807) moved too quickly! -12.49079903446136,0.0,3.3205761214012455
[14Apr2025 00:46:10.639] [Server thread/WARN] [net.minecraft.server.network.ServerGamePacketListenerImpl/]: Corviknight (vehicle of Juan19807) moved too quickly! -13.11457564081502,0.0,3.444155075595745
[14Apr2025 00:46:10.639] [Server thread/WARN] [net.minecraft.server.network.ServerGamePacketListenerImpl/]: Corviknight (vehicle of Juan19807) moved too quickly! -13.738949042341574,0.0,3.565065023637999
[14Apr2025 00:46:10.643] [Server thread/WARN] [net.minecraft.server.network.ServerGamePacketListenerImpl/]: Corviknight (vehicle of Juan19807) moved too quickly! -14.3638356877168,0.0,3.683679626389903
[14Apr2025 00:46:33.849] [Server thread/INFO] [net.minecraft.world.entity.npc.Villager/]: Villager Villager['Villager'/94535, l='ServerLevel[world]', x=2413.37, y=86.00, z=-1076.28] died, message: 'Villager suffocated in a wall'
[14Apr2025 00:46:40.148] [Server thread/INFO] [net.minecraft.world.entity.npc.Villager/]: Villager Villager['Villager'/94627, l='ServerLevel[world]', x=2374.50, y=82.05, z=-1105.93] died, message: 'Villager suffocated in a wall'
[14Apr2025 00:55:36.482] [Server thread/INFO] [net.minecraft.server.MinecraftServer/]: Pipexdd7 has made the advancement [Sweet Tooth]
[14Apr2025 01:05:36.403] [Server thread/WARN] [net.minecraft.server.level.ServerPlayerGameMode/]: Mismatch in destroy block pos: BlockPos{x=418, y=-15, z=-698} BlockPos{x=419, y=-16, z=-698}
[14Apr2025 01:07:33.647] [Server thread/WARN] [net.minecraft.server.level.ServerPlayerGameMode/]: Mismatch in destroy block pos: BlockPos{x=426, y=-23, z=-751} BlockPos{x=426, y=-23, z=-752}
[14Apr2025 01:25:18.789] [Server thread/INFO] [net.minecraft.world.entity.npc.Villager/]: Villager Villager['Villager'/99399, l='ServerLevel[world]', x=398.48, y=71.00, z=-635.60] died, message: 'Villager was slain by Zombie'
[14Apr2025 01:28:38.842] [Server thread/INFO] [net.minecraft.server.MinecraftServer/]: Juan19807 has made the advancement [Where's my Victory Music?]
[14Apr2025 01:29:59.162] [Server thread/INFO] [net.minecraft.server.MinecraftServer/]: Pipexdd7 has made the advancement [Take Good Care!]
[14Apr2025 01:29:59.163] [Server thread/INFO] [net.minecraft.server.MinecraftServer/]: Juan19807 has made the advancement [Take Good Care!]
[14Apr2025 01:30:27.592] [Server thread/INFO] [net.minecraft.server.network.ServerGamePacketListenerImpl/]: Pipexdd7 lost connection: Disconnected
[14Apr2025 01:30:27.592] [Server thread/INFO] [net.minecraft.server.MinecraftServer/]: Pipexdd7 left the game
[14Apr2025 01:30:52.191] [Server thread/INFO] [net.minecraft.server.network.ServerLoginPacketListenerImpl/]: com.mojang.authlib.GameProfile@6e4d7a35[id=<null>,name=Pipexdd7,properties={},legacy=false] (/127.142.116.191:43595) lost connection: Disconnected
[14Apr2025 01:31:25.941] [Server thread/INFO] [net.minecraft.server.network.ServerLoginPacketListenerImpl/]: com.mojang.authlib.GameProfile@6fd8810d[id=<null>,name=Pipexdd7,properties={},legacy=false] (/127.142.116.191:47891) lost connection: Disconnected
[14Apr2025 01:31:31.248] [Server thread/INFO] [net.minecraft.server.players.PlayerList/]: Pipexdd7[/127.142.116.191:44365] logged in with entity id 107411 at (385.7263582462535, 70.0, -648.363358032733)
[14Apr2025 01:31:31.262] [Server thread/INFO] [net.minecraft.server.MinecraftServer/]: Pipexdd7 joined the game
